<?xml version="1.0" encoding="UTF-8"?><testrun name="TestRunner" project="MavenDemo" tests="1" started="1" failures="0" errors="1" ignored="0">
  <testsuite name="com.qa.runner.TestRunner" time="0.047">
    <testcase name="initializationError" classname="com.qa.runner.TestRunner" time="0.047">
      <error>java.lang.IllegalArgumentException: The glue path must have a classpath scheme E:/ANZ/MavenDemo/src/main/java/com/qa/stepDefinitionss&#13;
	at io.cucumber.core.model.GluePath.parseAssumeClasspathScheme(GluePath.java:96)&#13;
	at io.cucumber.core.model.GluePath.parse(GluePath.java:45)&#13;
	at cucumber.runtime.RuntimeOptions.parse(RuntimeOptions.java:194)&#13;
	at cucumber.runtime.RuntimeOptions.&lt;init&gt;(RuntimeOptions.java:118)&#13;
	at cucumber.runtime.RuntimeOptions.&lt;init&gt;(RuntimeOptions.java:111)&#13;
	at cucumber.runtime.RuntimeOptions.&lt;init&gt;(RuntimeOptions.java:107)&#13;
	at cucumber.runtime.RuntimeOptionsFactory.create(RuntimeOptionsFactory.java:23)&#13;
	at cucumber.api.junit.Cucumber.&lt;init&gt;(Cucumber.java:87)&#13;
	at sun.reflect.NativeConstructorAccessorImpl.newInstance0(Native Method)&#13;
	at sun.reflect.NativeConstructorAccessorImpl.newInstance(Unknown Source)&#13;
	at sun.reflect.DelegatingConstructorAccessorImpl.newInstance(Unknown Source)&#13;
	at java.lang.reflect.Constructor.newInstance(Unknown Source)&#13;
	at org.junit.internal.builders.AnnotatedBuilder.buildRunner(AnnotatedBuilder.java:104)&#13;
	at org.junit.internal.builders.AnnotatedBuilder.runnerForClass(AnnotatedBuilder.java:86)&#13;
	at org.junit.runners.model.RunnerBuilder.safeRunnerForClass(RunnerBuilder.java:59)&#13;
	at org.junit.internal.builders.AllDefaultPossibilitiesBuilder.runnerForClass(AllDefaultPossibilitiesBuilder.java:26)&#13;
	at org.junit.runners.model.RunnerBuilder.safeRunnerForClass(RunnerBuilder.java:59)&#13;
	at org.junit.internal.requests.ClassRequest.getRunner(ClassRequest.java:33)&#13;
	at org.eclipse.jdt.internal.junit4.runner.JUnit4TestLoader.createUnfilteredTest(JUnit4TestLoader.java:84)&#13;
	at org.eclipse.jdt.internal.junit4.runner.JUnit4TestLoader.createTest(JUnit4TestLoader.java:70)&#13;
	at org.eclipse.jdt.internal.junit4.runner.JUnit4TestLoader.loadTests(JUnit4TestLoader.java:43)&#13;
	at org.eclipse.jdt.internal.junit.runner.RemoteTestRunner.runTests(RemoteTestRunner.java:444)&#13;
	at org.eclipse.jdt.internal.junit.runner.RemoteTestRunner.runTests(RemoteTestRunner.java:678)&#13;
	at org.eclipse.jdt.internal.junit.runner.RemoteTestRunner.run(RemoteTestRunner.java:382)&#13;
	at org.eclipse.jdt.internal.junit.runner.RemoteTestRunner.main(RemoteTestRunner.java:192)&#13;
&#13;
</error>
    </testcase>
  </testsuite>
</testrun>
